2022-11-29 08:49:22 INFO::Begin model initialization...
2022-11-29 08:49:22 INFO::Initializing IO tables...
2022-11-29 08:49:24 INFO::Initializing Gross Output tables...
2022-11-29 08:49:27 INFO::Initializing Chain Price Index tables...
2022-11-29 08:49:30 INFO::Loading disaggregation specification file for WasteDisaggregationDetail...
2022-11-29 08:49:30 INFO::Initializing Disaggregation of IO tables...
2022-11-29 08:49:34 INFO::Loading hybridization specification file for DIOProcesses...
2022-11-29 08:49:36 INFO::Initializing model satellite tables...
2022-11-29 08:49:36 INFO::Loading Water withdrawals flows from DataCommons...
2022-11-29 08:49:38 INFO::Loading Criteria and Hazardous Air Emissions flows from DataCommons...
2022-11-29 08:49:51 INFO::Loading Point source industrial releases to ground flows from DataCommons...
2022-11-29 08:49:53 INFO::Loading Point source releases to water flows from DataCommons...
2022-11-29 08:49:56 INFO::Loading Greenhouse Gases flows from DataCommons...
2022-11-29 08:49:56 INFO::Loading Land use flows from DataCommons...
2022-11-29 08:49:57 INFO::Loading Mineral extraction flows from DataCommons...
2022-11-29 08:49:57 INFO::Loading Energy extraction flows from DataCommons...
2022-11-29 08:49:57 WARNING::No data found for disaggregation of ENERGY for 562000/US - applying default allocation
2022-11-29 08:49:58 INFO::Loading Nitrogen and Phosphorus Releases from Agriculture flows from DataCommons...
2022-11-29 08:50:02 INFO::Loading Pesticide releases flows from DataCommons...
2022-11-29 08:50:04 INFO::Loading Commercial non-hazardous waste excluding construction activities flows from DataCommons...
2022-11-29 08:50:05 WARNING::No data found for disaggregation of CNHW for 562000/US - applying default allocation
2022-11-29 08:50:08 INFO::Loading Commercial non-hazardous waste from construction activities flows from DataCommons...
2022-11-29 08:50:08 INFO::Loading Commercial RCRA-defined hazardous waste flows from DataCommons...
2022-11-29 08:50:12 INFO::Loading Employment flows from DataCommons...
2022-11-29 08:50:13 INFO::Generating Value Added flows...
2022-11-29 08:50:17 INFO::Initializing model indicators...
2022-11-29 08:50:17 INFO::Getting Climate change indicator from DataCommons...
2022-11-29 08:50:28 INFO::Getting Human toxicity, respiratory effects, inorganics indicator from DataCommons...
2022-11-29 08:50:38 INFO::Getting Human toxicity, respiratory effects, organics indicator from DataCommons...
2022-11-29 08:50:48 INFO::Getting Human toxicity, carcinogens, unspecified indicator from DataCommons...
2022-11-29 08:51:00 INFO::Getting Human toxicity, non-carcinogens, unspecified indicator from DataCommons...
2022-11-29 08:51:10 INFO::Getting Water deprivation indicator from DataCommons...
2022-11-29 08:51:16 INFO::Getting Fossil Energy Use indicator from DataCommons...
2022-11-29 08:51:42 INFO::Getting Land use indicator from DataCommons...
2022-11-29 08:51:55 INFO::Getting Mineral use indicator from DataCommons...
2022-11-29 08:52:15 INFO::Getting Aquatic ecosystem toxicity indicator from DataCommons...
2022-11-29 08:52:22 INFO::Getting Climate change - Endpoint indicator from DataCommons...
2022-11-29 08:52:27 INFO::Getting Human health, respiratory inorganics indicator from DataCommons...
2022-11-29 08:52:39 INFO::Getting Human health, respiratory organics indicator from DataCommons...
2022-11-29 08:52:52 INFO::Getting Human health, cancer, unspecified indicator from DataCommons...
2022-11-29 08:53:04 INFO::Getting Human health, non-cancer, unspecified indicator from DataCommons...
2022-11-29 08:53:17 INFO::Getting Human health, water depletion indicator from DataCommons...
2022-11-29 08:53:30 INFO::Getting Ecosystem quality, water depletion indicator from DataCommons...
2022-11-29 08:53:42 INFO::Getting Resource availability, water depletion indicator from DataCommons...
2022-11-29 08:53:43 INFO::Getting Ecosystem quality, land use indicator from DataCommons...
2022-11-29 08:53:52 INFO::Getting Ecosystem quality, aquatic ecosystem toxicity indicator from DataCommons...
2022-11-29 08:53:57 INFO::Getting Resource availability, fossil energy use indicator from DataCommons...
2022-11-29 08:54:08 INFO::Getting Resource availability, mineral use indicator from DataCommons...
2022-11-29 08:54:30 INFO::Getting Climate change - Valuation indicator from DataCommons...
2022-11-29 08:54:33 INFO::Getting Human health, respiratory inorganics - Valuation indicator from DataCommons...
2022-11-29 08:54:38 INFO::Getting Human productivity, respiratory inorganics - Valuation indicator from DataCommons...
2022-11-29 08:54:38 INFO::Getting Human health, respiratory organics - Valuation indicator from DataCommons...
2022-11-29 08:54:44 INFO::Getting Human productivity, respiratory organics - Valuation indicator from DataCommons...
2022-11-29 08:54:46 INFO::Getting Human health, cancer, unspecified - Valuation indicator from DataCommons...
2022-11-29 08:54:48 INFO::Getting Human productivity, cancer, unspecified - Valuation indicator from DataCommons...
2022-11-29 08:54:50 INFO::Getting Human health, non-cancer, unspecified - Valuation indicator from DataCommons...
2022-11-29 08:54:52 INFO::Getting Human productivity, non-cancer, unspecified - Valuation indicator from DataCommons...
2022-11-29 08:54:54 INFO::Getting Human health, water use - Valuation indicator from DataCommons...
2022-11-29 08:54:56 INFO::Getting Human productivity, water use - Valuation indicator from DataCommons...
2022-11-29 08:54:56 INFO::Getting Ecosystem quality, water use - Valuation indicator from DataCommons...
2022-11-29 08:55:00 INFO::Getting Resource productivity, water use - Valuation indicator from DataCommons...
2022-11-29 08:55:00 INFO::Getting Ecosystem quality, land use - Valuation indicator from DataCommons...
2022-11-29 08:55:04 INFO::Getting Ecosystem quality, aquatic ecosystem toxicity - Valuation indicator from DataCommons...
2022-11-29 08:55:06 INFO::Getting Resource productivity, fossil energy use - Valuation indicator from DataCommons...
2022-11-29 08:55:07 INFO::Getting Resource productivity, mineral use - Valuation indicator from DataCommons...
2022-11-29 08:55:09 INFO::Loading demand vectors ...
2022-11-29 08:55:10 INFO::Loading CompleteProduction demand vector...
2022-11-29 08:55:10 INFO::Loading DomesticProduction demand vector...
2022-11-29 08:55:10 INFO::Loading CompleteConsumption demand vector...
2022-11-29 08:55:10 INFO::Loading DomesticConsumption demand vector...
2022-11-29 08:55:10 INFO::Loading HouseholdConsumption demand vector...
2022-11-29 08:55:22 INFO::Building commodity-by-commodity A matrix (direct requirements)...
2022-11-29 08:55:22 INFO::Building commodity-by-commodity A_d matrix (domestic direct requirements)...
2022-11-29 08:55:22 INFO::Hybridizing model for A matrix...
2022-11-29 08:55:26 INFO::Hybridizing model for A matrix...
2022-11-29 08:55:28 INFO::Calculating L matrix (total requirements)...
2022-11-29 08:55:28 INFO::Calculating L_d matrix (domestic total requirements)...
2022-11-29 08:55:28 INFO::Building B matrix (direct emissions and resource use per dollar)...
2022-11-29 08:55:34 INFO::Hybridizing model for B matrix...
2022-11-29 08:55:39 INFO::Building C matrix (characterization factors for model indicators)...
2022-11-29 08:55:48 INFO::Calculating D matrix (direct environmental impacts per dollar)...
2022-11-29 08:55:48 INFO::Calculating M matrix (total emissions and resource use per dollar)...
2022-11-29 08:55:52 INFO::Calculating M_d matrix (total emissions and resource use per dollar from domestic activity)...
2022-11-29 08:55:59 INFO::Calculating N matrix (total environmental impacts per dollar)...
2022-11-29 08:56:00 INFO::Calculating N_d matrix (total environmental impacts per dollar from domestic activity)...
2022-11-29 08:56:00 INFO::Calculating Rho matrix (price year ratio)...
2022-11-29 08:56:00 INFO::Calculating Phi matrix (producer over purchaser price ratio)...
2022-11-29 08:56:04 INFO::Model build complete.
2022-11-29 08:56:08 INFO::Model metadata written to C:\Users\BYoung\AppData\Local/useeior/Model_Builds/DIOv2.0/build/data/DIOv2.0.
2022-11-29 08:56:30 INFO::Model written to Excel workbook (.xlsx) in model.
2022-11-29 08:57:28 INFO::Saving model to model/DIO.rds
